2023-04-29 20:30:12,976 [Worker-6: Loading available Gradle versions] INFO  o.e.b.c.i.u.g.PublishedGradleVersions - Gradle version information cache is up-to-date. Trying to read.
2023-05-22 20:02:13,036 [Worker-0: Loading available Gradle versions] INFO  o.e.b.c.i.u.g.PublishedGradleVersions - Gradle version information cache is out-of-date. Trying to update.
2023-05-22 20:09:26,230 [ModalContext] WARN  o.e.m.c.i.embedder.EclipseLogger - The POM for ar.edu.unlp.info.oo1:objetos-uno:jar:1.0.0 is missing, no dependency information available
2023-05-22 20:10:11,102 [Worker-13: Launching mavenrun-c0b844f7-3a92-4515-97a1-c1c492efac7e] INFO  o.eclipse.m2e.core.internal.Bundles - getClasspathEntries(Bundle=org.eclipse.m2e.maven.runtime_3.8.604.20221130-2149 [267])
2023-05-22 20:10:11,112 [Worker-13: Launching mavenrun-c0b844f7-3a92-4515-97a1-c1c492efac7e] INFO  o.eclipse.m2e.core.internal.Bundles - 	Entry: C:\Users\DELL\.p2\pool\plugins\org.eclipse.m2e.maven.runtime_3.8.604.20221130-2149
2023-05-22 20:10:11,113 [Worker-13: Launching mavenrun-c0b844f7-3a92-4515-97a1-c1c492efac7e] INFO  o.eclipse.m2e.core.internal.Bundles - 	Entry: C:\Users\DELL\.p2\pool\plugins\org.eclipse.m2e.maven.runtime_3.8.604.20221130-2149\jars\aether-connector-okhttp-0.17.8.jar
2023-05-22 20:10:11,113 [Worker-13: Launching mavenrun-c0b844f7-3a92-4515-97a1-c1c492efac7e] INFO  o.eclipse.m2e.core.internal.Bundles - 	Entry: C:\Users\DELL\.p2\pool\plugins\org.eclipse.m2e.maven.runtime_3.8.604.20221130-2149\jars\commons-cli-1.4.jar
2023-05-22 20:10:11,114 [Worker-13: Launching mavenrun-c0b844f7-3a92-4515-97a1-c1c492efac7e] INFO  o.eclipse.m2e.core.internal.Bundles - 	Entry: C:\Users\DELL\.p2\pool\plugins\org.eclipse.m2e.maven.runtime_3.8.604.20221130-2149\jars\commons-io-2.6.jar
2023-05-22 20:10:11,114 [Worker-13: Launching mavenrun-c0b844f7-3a92-4515-97a1-c1c492efac7e] INFO  o.eclipse.m2e.core.internal.Bundles - 	Entry: C:\Users\DELL\.p2\pool\plugins\org.eclipse.m2e.maven.runtime_3.8.604.20221130-2149\jars\commons-lang3-3.8.1.jar
2023-05-22 20:10:11,115 [Worker-13: Launching mavenrun-c0b844f7-3a92-4515-97a1-c1c492efac7e] INFO  o.eclipse.m2e.core.internal.Bundles - 	Entry: C:\Users\DELL\.p2\pool\plugins\org.eclipse.m2e.maven.runtime_3.8.604.20221130-2149\jars\guice-4.2.2-no_aop.jar
2023-05-22 20:10:11,115 [Worker-13: Launching mavenrun-c0b844f7-3a92-4515-97a1-c1c492efac7e] INFO  o.eclipse.m2e.core.internal.Bundles - 	Entry: C:\Users\DELL\.p2\pool\plugins\org.eclipse.m2e.maven.runtime_3.8.604.20221130-2149\jars\jansi-2.4.0.jar
2023-05-22 20:10:11,115 [Worker-13: Launching mavenrun-c0b844f7-3a92-4515-97a1-c1c492efac7e] INFO  o.eclipse.m2e.core.internal.Bundles - 	Entry: C:\Users\DELL\.p2\pool\plugins\org.eclipse.m2e.maven.runtime_3.8.604.20221130-2149\jars\maven-artifact-3.8.6.jar
2023-05-22 20:10:11,115 [Worker-13: Launching mavenrun-c0b844f7-3a92-4515-97a1-c1c492efac7e] INFO  o.eclipse.m2e.core.internal.Bundles - 	Entry: C:\Users\DELL\.p2\pool\plugins\org.eclipse.m2e.maven.runtime_3.8.604.20221130-2149\jars\maven-builder-support-3.8.6.jar
2023-05-22 20:10:11,116 [Worker-13: Launching mavenrun-c0b844f7-3a92-4515-97a1-c1c492efac7e] INFO  o.eclipse.m2e.core.internal.Bundles - 	Entry: C:\Users\DELL\.p2\pool\plugins\org.eclipse.m2e.maven.runtime_3.8.604.20221130-2149\jars\maven-compat-3.8.6.jar
2023-05-22 20:10:11,116 [Worker-13: Launching mavenrun-c0b844f7-3a92-4515-97a1-c1c492efac7e] INFO  o.eclipse.m2e.core.internal.Bundles - 	Entry: C:\Users\DELL\.p2\pool\plugins\org.eclipse.m2e.maven.runtime_3.8.604.20221130-2149\jars\maven-core-3.8.6.jar
2023-05-22 20:10:11,116 [Worker-13: Launching mavenrun-c0b844f7-3a92-4515-97a1-c1c492efac7e] INFO  o.eclipse.m2e.core.internal.Bundles - 	Entry: C:\Users\DELL\.p2\pool\plugins\org.eclipse.m2e.maven.runtime_3.8.604.20221130-2149\jars\maven-embedder-3.8.6.jar
2023-05-22 20:10:11,116 [Worker-13: Launching mavenrun-c0b844f7-3a92-4515-97a1-c1c492efac7e] INFO  o.eclipse.m2e.core.internal.Bundles - 	Entry: C:\Users\DELL\.p2\pool\plugins\org.eclipse.m2e.maven.runtime_3.8.604.20221130-2149\jars\maven-model-3.8.6.jar
2023-05-22 20:10:11,116 [Worker-13: Launching mavenrun-c0b844f7-3a92-4515-97a1-c1c492efac7e] INFO  o.eclipse.m2e.core.internal.Bundles - 	Entry: C:\Users\DELL\.p2\pool\plugins\org.eclipse.m2e.maven.runtime_3.8.604.20221130-2149\jars\maven-model-builder-3.8.6.jar
2023-05-22 20:10:11,117 [Worker-13: Launching mavenrun-c0b844f7-3a92-4515-97a1-c1c492efac7e] INFO  o.eclipse.m2e.core.internal.Bundles - 	Entry: C:\Users\DELL\.p2\pool\plugins\org.eclipse.m2e.maven.runtime_3.8.604.20221130-2149\jars\maven-plugin-api-3.8.6.jar
2023-05-22 20:10:11,117 [Worker-13: Launching mavenrun-c0b844f7-3a92-4515-97a1-c1c492efac7e] INFO  o.eclipse.m2e.core.internal.Bundles - 	Entry: C:\Users\DELL\.p2\pool\plugins\org.eclipse.m2e.maven.runtime_3.8.604.20221130-2149\jars\maven-repository-metadata-3.8.6.jar
2023-05-22 20:10:11,117 [Worker-13: Launching mavenrun-c0b844f7-3a92-4515-97a1-c1c492efac7e] INFO  o.eclipse.m2e.core.internal.Bundles - 	Entry: C:\Users\DELL\.p2\pool\plugins\org.eclipse.m2e.maven.runtime_3.8.604.20221130-2149\jars\maven-resolver-api-1.6.3.jar
2023-05-22 20:10:11,117 [Worker-13: Launching mavenrun-c0b844f7-3a92-4515-97a1-c1c492efac7e] INFO  o.eclipse.m2e.core.internal.Bundles - 	Entry: C:\Users\DELL\.p2\pool\plugins\org.eclipse.m2e.maven.runtime_3.8.604.20221130-2149\jars\maven-resolver-connector-basic-1.6.3.jar
2023-05-22 20:10:11,118 [Worker-13: Launching mavenrun-c0b844f7-3a92-4515-97a1-c1c492efac7e] INFO  o.eclipse.m2e.core.internal.Bundles - 	Entry: C:\Users\DELL\.p2\pool\plugins\org.eclipse.m2e.maven.runtime_3.8.604.20221130-2149\jars\maven-resolver-impl-1.6.3.jar
2023-05-22 20:10:11,118 [Worker-13: Launching mavenrun-c0b844f7-3a92-4515-97a1-c1c492efac7e] INFO  o.eclipse.m2e.core.internal.Bundles - 	Entry: C:\Users\DELL\.p2\pool\plugins\org.eclipse.m2e.maven.runtime_3.8.604.20221130-2149\jars\maven-resolver-provider-3.8.6.jar
2023-05-22 20:10:11,118 [Worker-13: Launching mavenrun-c0b844f7-3a92-4515-97a1-c1c492efac7e] INFO  o.eclipse.m2e.core.internal.Bundles - 	Entry: C:\Users\DELL\.p2\pool\plugins\org.eclipse.m2e.maven.runtime_3.8.604.20221130-2149\jars\maven-resolver-spi-1.6.3.jar
2023-05-22 20:10:11,118 [Worker-13: Launching mavenrun-c0b844f7-3a92-4515-97a1-c1c492efac7e] INFO  o.eclipse.m2e.core.internal.Bundles - 	Entry: C:\Users\DELL\.p2\pool\plugins\org.eclipse.m2e.maven.runtime_3.8.604.20221130-2149\jars\maven-resolver-transport-wagon-1.6.3.jar
2023-05-22 20:10:11,118 [Worker-13: Launching mavenrun-c0b844f7-3a92-4515-97a1-c1c492efac7e] INFO  o.eclipse.m2e.core.internal.Bundles - 	Entry: C:\Users\DELL\.p2\pool\plugins\org.eclipse.m2e.maven.runtime_3.8.604.20221130-2149\jars\maven-resolver-util-1.6.3.jar
2023-05-22 20:10:11,119 [Worker-13: Launching mavenrun-c0b844f7-3a92-4515-97a1-c1c492efac7e] INFO  o.eclipse.m2e.core.internal.Bundles - 	Entry: C:\Users\DELL\.p2\pool\plugins\org.eclipse.m2e.maven.runtime_3.8.604.20221130-2149\jars\maven-settings-3.8.6.jar
2023-05-22 20:10:11,119 [Worker-13: Launching mavenrun-c0b844f7-3a92-4515-97a1-c1c492efac7e] INFO  o.eclipse.m2e.core.internal.Bundles - 	Entry: C:\Users\DELL\.p2\pool\plugins\org.eclipse.m2e.maven.runtime_3.8.604.20221130-2149\jars\maven-settings-builder-3.8.6.jar
2023-05-22 20:10:11,119 [Worker-13: Launching mavenrun-c0b844f7-3a92-4515-97a1-c1c492efac7e] INFO  o.eclipse.m2e.core.internal.Bundles - 	Entry: C:\Users\DELL\.p2\pool\plugins\org.eclipse.m2e.maven.runtime_3.8.604.20221130-2149\jars\maven-shared-utils-3.3.4.jar
2023-05-22 20:10:11,119 [Worker-13: Launching mavenrun-c0b844f7-3a92-4515-97a1-c1c492efac7e] INFO  o.eclipse.m2e.core.internal.Bundles - 	Entry: C:\Users\DELL\.p2\pool\plugins\org.eclipse.m2e.maven.runtime_3.8.604.20221130-2149\jars\okhttp-3.14.1.jar
2023-05-22 20:10:11,120 [Worker-13: Launching mavenrun-c0b844f7-3a92-4515-97a1-c1c492efac7e] INFO  o.eclipse.m2e.core.internal.Bundles - 	Entry: C:\Users\DELL\.p2\pool\plugins\org.eclipse.m2e.maven.runtime_3.8.604.20221130-2149\jars\okio-1.17.3.jar
2023-05-22 20:10:11,120 [Worker-13: Launching mavenrun-c0b844f7-3a92-4515-97a1-c1c492efac7e] INFO  o.eclipse.m2e.core.internal.Bundles - 	Entry: C:\Users\DELL\.p2\pool\plugins\org.eclipse.m2e.maven.runtime_3.8.604.20221130-2149\jars\org.eclipse.sisu.inject-0.3.5.jar
2023-05-22 20:10:11,120 [Worker-13: Launching mavenrun-c0b844f7-3a92-4515-97a1-c1c492efac7e] INFO  o.eclipse.m2e.core.internal.Bundles - 	Entry: C:\Users\DELL\.p2\pool\plugins\org.eclipse.m2e.maven.runtime_3.8.604.20221130-2149\jars\org.eclipse.sisu.plexus-0.3.5.jar
2023-05-22 20:10:11,121 [Worker-13: Launching mavenrun-c0b844f7-3a92-4515-97a1-c1c492efac7e] INFO  o.eclipse.m2e.core.internal.Bundles - 	Entry: C:\Users\DELL\.p2\pool\plugins\org.eclipse.m2e.maven.runtime_3.8.604.20221130-2149\jars\plexus-build-api-0.0.7.jar
2023-05-22 20:10:11,121 [Worker-13: Launching mavenrun-c0b844f7-3a92-4515-97a1-c1c492efac7e] INFO  o.eclipse.m2e.core.internal.Bundles - 	Entry: C:\Users\DELL\.p2\pool\plugins\org.eclipse.m2e.maven.runtime_3.8.604.20221130-2149\jars\plexus-cipher-2.0.jar
2023-05-22 20:10:11,121 [Worker-13: Launching mavenrun-c0b844f7-3a92-4515-97a1-c1c492efac7e] INFO  o.eclipse.m2e.core.internal.Bundles - 	Entry: C:\Users\DELL\.p2\pool\plugins\org.eclipse.m2e.maven.runtime_3.8.604.20221130-2149\jars\plexus-classworlds-2.6.0.jar
2023-05-22 20:10:11,121 [Worker-13: Launching mavenrun-c0b844f7-3a92-4515-97a1-c1c492efac7e] INFO  o.eclipse.m2e.core.internal.Bundles - 	Entry: C:\Users\DELL\.p2\pool\plugins\org.eclipse.m2e.maven.runtime_3.8.604.20221130-2149\jars\plexus-component-annotations-2.1.0.jar
2023-05-22 20:10:11,121 [Worker-13: Launching mavenrun-c0b844f7-3a92-4515-97a1-c1c492efac7e] INFO  o.eclipse.m2e.core.internal.Bundles - 	Entry: C:\Users\DELL\.p2\pool\plugins\org.eclipse.m2e.maven.runtime_3.8.604.20221130-2149\jars\plexus-interpolation-1.26.jar
2023-05-22 20:10:11,122 [Worker-13: Launching mavenrun-c0b844f7-3a92-4515-97a1-c1c492efac7e] INFO  o.eclipse.m2e.core.internal.Bundles - 	Entry: C:\Users\DELL\.p2\pool\plugins\org.eclipse.m2e.maven.runtime_3.8.604.20221130-2149\jars\plexus-sec-dispatcher-2.0.jar
2023-05-22 20:10:11,122 [Worker-13: Launching mavenrun-c0b844f7-3a92-4515-97a1-c1c492efac7e] INFO  o.eclipse.m2e.core.internal.Bundles - 	Entry: C:\Users\DELL\.p2\pool\plugins\org.eclipse.m2e.maven.runtime_3.8.604.20221130-2149\jars\plexus-utils-3.3.1.jar
2023-05-22 20:10:11,122 [Worker-13: Launching mavenrun-c0b844f7-3a92-4515-97a1-c1c492efac7e] INFO  o.eclipse.m2e.core.internal.Bundles - 	Entry: C:\Users\DELL\.p2\pool\plugins\org.eclipse.m2e.maven.runtime_3.8.604.20221130-2149\jars\wagon-file-3.5.1.jar
2023-05-22 20:10:11,123 [Worker-13: Launching mavenrun-c0b844f7-3a92-4515-97a1-c1c492efac7e] INFO  o.eclipse.m2e.core.internal.Bundles - 	Entry: C:\Users\DELL\.p2\pool\plugins\org.eclipse.m2e.maven.runtime_3.8.604.20221130-2149\jars\wagon-provider-api-3.5.1.jar
2023-05-22 20:10:11,126 [Worker-13: Launching mavenrun-c0b844f7-3a92-4515-97a1-c1c492efac7e] INFO  o.eclipse.m2e.core.internal.Bundles - getClasspathEntries(Bundle=com.google.guava_30.1.0.v20221112-0806 [8])
2023-05-22 20:10:11,128 [Worker-13: Launching mavenrun-c0b844f7-3a92-4515-97a1-c1c492efac7e] INFO  o.eclipse.m2e.core.internal.Bundles - 	Entry: C:\Users\DELL\.p2\pool\plugins\com.google.guava_30.1.0.v20221112-0806.jar
2023-05-22 20:10:11,129 [Worker-13: Launching mavenrun-c0b844f7-3a92-4515-97a1-c1c492efac7e] INFO  o.eclipse.m2e.core.internal.Bundles - getClasspathEntries(Bundle=slf4j.api_1.7.36 [431])
2023-05-22 20:10:11,131 [Worker-13: Launching mavenrun-c0b844f7-3a92-4515-97a1-c1c492efac7e] INFO  o.eclipse.m2e.core.internal.Bundles - 	Entry: C:\Users\DELL\.p2\pool\plugins\slf4j.api_1.7.36.jar
2023-05-22 20:10:11,131 [Worker-13: Launching mavenrun-c0b844f7-3a92-4515-97a1-c1c492efac7e] INFO  o.eclipse.m2e.core.internal.Bundles - getClasspathEntries(Bundle=javax.inject_1.0.0.v20220405-0441 [18])
2023-05-22 20:10:11,134 [Worker-13: Launching mavenrun-c0b844f7-3a92-4515-97a1-c1c492efac7e] INFO  o.eclipse.m2e.core.internal.Bundles - 	Entry: C:\Users\DELL\.p2\pool\plugins\javax.inject_1.0.0.v20220405-0441.jar
2023-05-22 20:10:11,134 [Worker-13: Launching mavenrun-c0b844f7-3a92-4515-97a1-c1c492efac7e] INFO  o.eclipse.m2e.core.internal.Bundles - getClasspathEntries(Bundle=javax.annotation_1.3.5.v20221112-0806 [16])
2023-05-22 20:10:11,135 [Worker-13: Launching mavenrun-c0b844f7-3a92-4515-97a1-c1c492efac7e] INFO  o.eclipse.m2e.core.internal.Bundles - 	Entry: C:\Users\DELL\.p2\pool\plugins\javax.annotation_1.3.5.v20221112-0806.jar
2023-05-22 20:10:11,145 [Worker-13: Launching mavenrun-c0b844f7-3a92-4515-97a1-c1c492efac7e] INFO  o.e.m.i.launch.MavenLaunchDelegate - Run build in "C:\Users\DELL\AppData\Local\Temp\m2e-archetypeGenerator8355551399212253713":
2023-05-22 20:10:11,150 [Worker-13: Launching mavenrun-c0b844f7-3a92-4515-97a1-c1c492efac7e] INFO  o.e.m.i.launch.MavenLaunchDelegate -  mvn  -DarchetypeGroupId=ar.edu.unlp.info.oo1 -DarchetypeArtifactId=objetos-uno -DarchetypeVersion=1.0.0 -DgroupId=ar.edu.unlp.info.oo1 -DartifactId=HolaMundo -Dversion=0.0.1-SNAPSHOT -Dpackage=ar.edu.unlp.info.oo1.HolaMundo -DoutputDirectory=C:\Users\DELL\Desktop\Objetos1-Workspace -Dstyle.color=always -U archetype:generate
2023-05-22 20:15:39,327 [Worker-14: Creating objetos-uno] INFO  o.e.m.c.i.p.ProjectConfigurationManager - Collecting project info '/pom.xml' C:\Users\DELL\Desktop\Objetos1-Workspace\HolaMundo\pom.xml
2023-05-22 20:15:40,497 [Worker-14: Creating objetos-uno] INFO  o.e.m.c.i.l.LifecycleMappingFactory - Using org.eclipse.m2e.jdt.JarLifecycleMapping lifecycle mapping for MavenProject: ar.edu.unlp.info.oo1:HolaMundo:0.0.1-SNAPSHOT @ C:\Users\DELL\Desktop\Objetos1-Workspace\HolaMundo\pom.xml.
2023-05-22 20:15:41,528 [Worker-14: Creating objetos-uno] INFO  o.e.m.j.i.AbstractJavaProjectConfigurator - Adding source folder /HolaMundo/src/main/java
2023-05-22 20:15:41,531 [Worker-14: Creating objetos-uno] INFO  o.e.m.j.i.AbstractJavaProjectConfigurator - Adding source folder /HolaMundo/src/test/java
2023-05-22 20:15:41,669 [Worker-14: Creating objetos-uno] INFO  o.e.m.c.i.p.ProjectConfigurationManager - Imported and configured 1 project(s) in 2 sec
2023-05-22 20:15:42,675 [Worker-16: Building] INFO  o.e.m.c.i.embedder.EclipseLogger - Using 'UTF-8' encoding to copy filtered resources.
2023-05-22 20:15:42,676 [Worker-16: Building] INFO  o.e.m.c.i.embedder.EclipseLogger - skip non existing resourceDirectory C:\Users\DELL\Desktop\Objetos1-Workspace\HolaMundo\src\main\resources
2023-05-22 20:15:42,679 [Worker-16: Building] INFO  o.e.m.c.i.embedder.EclipseLogger - Using 'UTF-8' encoding to copy filtered resources.
2023-05-22 20:15:42,680 [Worker-16: Building] INFO  o.e.m.c.i.embedder.EclipseLogger - skip non existing resourceDirectory C:\Users\DELL\Desktop\Objetos1-Workspace\HolaMundo\src\test\resources
2023-05-22 20:16:33,786 [Worker-18: Building] INFO  o.e.m.c.i.embedder.EclipseLogger - Using 'UTF-8' encoding to copy filtered resources.
2023-05-22 20:16:33,786 [Worker-18: Building] INFO  o.e.m.c.i.embedder.EclipseLogger - skip non existing resourceDirectory C:\Users\DELL\Desktop\Objetos1-Workspace\HolaMundo\src\main\resources
2023-05-22 20:16:33,789 [Worker-18: Building] INFO  o.e.m.c.i.embedder.EclipseLogger - Using 'UTF-8' encoding to copy filtered resources.
2023-05-22 20:16:33,789 [Worker-18: Building] INFO  o.e.m.c.i.embedder.EclipseLogger - skip non existing resourceDirectory C:\Users\DELL\Desktop\Objetos1-Workspace\HolaMundo\src\test\resources
2023-05-22 20:16:34,859 [Worker-15: Building] INFO  o.e.m.c.i.embedder.EclipseLogger - Using 'UTF-8' encoding to copy filtered resources.
2023-05-22 20:16:34,860 [Worker-15: Building] INFO  o.e.m.c.i.embedder.EclipseLogger - skip non existing resourceDirectory C:\Users\DELL\Desktop\Objetos1-Workspace\HolaMundo\src\main\resources
2023-05-22 20:16:34,864 [Worker-15: Building] INFO  o.e.m.c.i.embedder.EclipseLogger - Using 'UTF-8' encoding to copy filtered resources.
2023-05-22 20:16:34,864 [Worker-15: Building] INFO  o.e.m.c.i.embedder.EclipseLogger - skip non existing resourceDirectory C:\Users\DELL\Desktop\Objetos1-Workspace\HolaMundo\src\test\resources
2023-05-22 20:16:51,150 [Worker-14: Building] INFO  o.e.m.c.i.embedder.EclipseLogger - Using 'UTF-8' encoding to copy filtered resources.
2023-05-22 20:16:51,150 [Worker-14: Building] INFO  o.e.m.c.i.embedder.EclipseLogger - skip non existing resourceDirectory C:\Users\DELL\Desktop\Objetos1-Workspace\HolaMundo\src\main\resources
2023-05-22 20:16:51,152 [Worker-14: Building] INFO  o.e.m.c.i.embedder.EclipseLogger - Using 'UTF-8' encoding to copy filtered resources.
2023-05-22 20:16:51,153 [Worker-14: Building] INFO  o.e.m.c.i.embedder.EclipseLogger - skip non existing resourceDirectory C:\Users\DELL\Desktop\Objetos1-Workspace\HolaMundo\src\test\resources
2023-05-22 20:17:48,307 [Worker-14: Building] INFO  o.e.m.c.i.embedder.EclipseLogger - Using 'UTF-8' encoding to copy filtered resources.
2023-05-22 20:17:48,307 [Worker-14: Building] INFO  o.e.m.c.i.embedder.EclipseLogger - skip non existing resourceDirectory C:\Users\DELL\Desktop\Objetos1-Workspace\HolaMundo\src\main\resources
2023-05-22 20:17:48,311 [Worker-14: Building] INFO  o.e.m.c.i.embedder.EclipseLogger - Using 'UTF-8' encoding to copy filtered resources.
2023-05-22 20:17:48,311 [Worker-14: Building] INFO  o.e.m.c.i.embedder.EclipseLogger - skip non existing resourceDirectory C:\Users\DELL\Desktop\Objetos1-Workspace\HolaMundo\src\test\resources
2023-05-22 20:18:01,753 [Worker-19: Building] INFO  o.e.m.c.i.embedder.EclipseLogger - Using 'UTF-8' encoding to copy filtered resources.
2023-05-22 20:18:01,753 [Worker-19: Building] INFO  o.e.m.c.i.embedder.EclipseLogger - skip non existing resourceDirectory C:\Users\DELL\Desktop\Objetos1-Workspace\HolaMundo\src\main\resources
